1562585592529	mozrunner::runner	INFO	Running command: "C:\\Program Files\\Mozilla Firefox\\firefox.exe" "-marionette" "-foreground" "-no-remote" "-profile" "C:\\Users\\emman\\AppData\\Local\\Temp\\rust_mozprofile.BUkeWNSAoAaZ"
1562585593487	addons.webextension.screenshots@mozilla.org	WARN	Loading extension 'screenshots@mozilla.org': Reading manifest: Invalid extension permission: mozillaAddons
1562585593487	addons.webextension.screenshots@mozilla.org	WARN	Loading extension 'screenshots@mozilla.org': Reading manifest: Invalid extension permission: resource://pdf.js/
1562585593487	addons.webextension.screenshots@mozilla.org	WARN	Loading extension 'screenshots@mozilla.org': Reading manifest: Invalid extension permission: about:reader*
1562585596589	Marionette	INFO	Listening on port 53874
1562585596894	Marionette	WARN	TLS certificate errors will be ignored for this session
JavaScript error: resource://gre/modules/WebProgressChild.jsm, line 61: TypeError: this.mm.content is null
[Parent 9676, Gecko_IOThread] WARNING: pipe error: 109: file z:/task_1560988636/build/src/ipc/chromium/src/chrome/common/ipc_channel_win.cc, line 341
[Child 3492, Chrome_ChildThread] WARNING: pipe error: 109: file z:/task_1560988636/build/src/ipc/chromium/src/chrome/common/ipc_channel_win.cc, line 341
[Child 31562585626018	Marionette	INFO	Stopped listening on port 53874

###!!! [Child][RunMessage] Error: Channel closing: too late to send/recv, messages will be lost

[GPU 131
###!!! [Child][MessageChannel::SendAndWait] Error: Channel error: cannot send/recv

null
[Child 7236, Chrome_ChildThrea
###!!! [Child][MessageChannel] Error: (msgtype=0x3600BA,name=PContent::Msg_ScriptError) Channel closing: too late to send/recv, messages will be lost

d] WARNING: pipe error
###!!! [Child][MessageChannel] Error: (msgtype=0x53000D,name=PHttpChannel::Msg_RemoveCorsPreflightCacheEntry) Closed channel: cannot send/recv

: 109: file z:/task_1560988636/build/src/ip[Parent 10884, Gecko_IOThread] WARNING: pipe error: 109: file z:/task_1560988636/build/src/ipc/chromium/src/chrome/common/ipc_channel_win.cc, line 341
[Child 2676, Chrome_ChildThread] WARNING: pipe error: 109: file z:/task_1560988636/build/src/ipc/chromium/src/chrome/common/ipc_channel_win.cc, line 341
[Child 21562585413519	Marionette	INFO	Stopped listening on port 53759

###!!! [Child][RunMessage] Error: Channel closing: too late to send/recv, messages will be lost

[GPU 110
###!!! [Child][MessageChannel::SendAndWait] Error: Channel error: cannot send/recv

task_1560988636/build/src/ipc/chromium/src/chrome/common/ipc_channel_win.cc, line 341
[Child 9212, Chrome_ChildThread] W1562584988374	Marionette	INFO	Stopped listening on port 53675

###!!! [Child][RunMessage] Error: Channel closing: too late to send/recv, messages will be lost

[GPU 8256
###!!! [Child][MessageChannel::SendAndWait] Error: Channel error: cannot send/recv

ayback #2] WARNING: Decoder=1c3046f9800 Decode error: NS_ERROR_DOM_MEDIA_FATAL_ERR (0x806e0005) - RefPtr<MediaSourceTrackDemuxer::SamplesPromise> __cdecl mozilla::MediaSourceTrackDemuxer::DoGetSamples(int32_t): manager is detached.: file z:/task_1560988636/build/src/dom/media/MediaDecoderStateMachine.cpp, line 3296
[Child 304, MediaPlayback #3] WARNING: Decoder=1c3046f9800 Decode error: NS_ERROR_DOM_MEDIA_FATAL_ERR (0x806e0005) - RefPtr<MediaSourceTrackDemuxer::SamplesPromise> __cdecl mozilla::MediaSourceTrackDemuxer::DoGetSamples(int32_t): manager is detached.: file z:/task_1560988636/build/src/dom/media/MediaDecoderStateMachine.cpp, line 3296
[Child 304, MediaPlayback #1] WARNING: Decoder=1c3046f9800 Decode error: NS_ERROR_DOM_MEDIA_FATAL_ERR (0x806e0005) - RefPtr<MediaSourceTrackDemuxer::SamplesPromise> __cdecl mozilla::MediaSourceTrackDemuxer::DoGetSamples(int32_t): manager is detached.: file z:/task_1560988636/build/src/dom/media/MediaDecoderStateMachine.cpp, line 3296
[Child 304, MediaPlayback #3] WARNING: Decoder=1c3046f9800 Decode error: NS_ERROR_DOM_MEDIA_FATAL_ERR (0x806e0005) - RefPtr<MediaSourceTrackDemuxer::SamplesPromise> __cdecl mozilla::MediaSourceTrackDemuxer::DoGetSamples(int32_t): manager is detached.: file z:/task_1560988636/build/src/dom/media/MediaDecoderStateMachine.cpp, line 3296
[Child 304, MediaPlayback #2] WARNING: Decoder=1c3046f9800 Decode error: NS_ERROR_DOM_MEDIA_FATAL_ERR (0x806e0005) - RefPtr<MediaSourceTrackDemuxer::SamplesPromise> __cdecl mozilla::MediaSourceTrackDemuxer::DoGetSamples(int32_t): manager is detached.: file z:/task_1560988636/build/src/dom/media/MediaDecoderStateMachine.cpp, line 3296
[Child 304, MediaPlayback #3] WARNING: Decoder=1c3046f9800 Decode error: NS_ERROR_DOM_MEDIA_FATAL_ERR (0x806e0005) - RefPtr<MediaSourceTrackDemuxer::SamplesPromise> __cdecl mozilla::MediaSourceTrackDemuxer::DoGetSamples(int32_t): manager is detached.: file z:/task_1560988636/build/src/dom/media/MediaDecoderStateMachine.cpp, line 3296
[Child 304, MediaPlayback #1] WARNING: Decoder=1c3046f9800 Decode error: NS_ERROR_DOM_MEDIA_FATAL_ERR (0x806e0005) - RefPtr<MediaSourceTrackDemuxer::SamplesPromise> __cdecl mozilla::MediaSourceTrackDemuxer::DoGetSamples(int32_t): manager is detached.: file z:/task_1560988636/build/src/dom/media/MediaDecoderStateMachine.cpp, line 3296
[Child 304, MediaPlayback #2] WARNING: Decoder=1c3046f9800 Decode error: NS_ERROR_DOM_MEDIA_FATAL_ERR (0x806e0005) - RefPtr<MediaSourceTrackDemuxer::SamplesPromise> __cdecl mozilla::MediaSourceTrackDemuxer::DoGetSamples(int32_t): manager is detached.: file z:/task_1560988636/build/src/dom/media/MediaDecoderStateMachine.cpp, line 3296
[Child 304, MediaPlayback #3] WARNING: Decoder=1c3046f9800 Decode error: NS_ERROR_DOM_MEDIA_FATAL_ERR (0x806e0005) - RefPtr<MediaSourceTrackDemuxer::SamplesPromise> __cdecl mozilla::MediaSourceTrackDemuxer::DoGetSamples(int32_t): manager is detached.: file z:/task_1560988636/build/src/dom/media/MediaDecoderStateMachine.cpp, line 3296
[Child 304, MediaPlayback #2] WARNING: Decoder=1c3046f9800 Decode error: NS_ERROR_DOM_MEDIA_FATAL_ERR (0x806e0005) - RefPtr<MediaSourceTrackDemuxer::SamplesPromise> __cdecl mozilla::MediaSourceTrackDemuxer::DoGetSamples(int32_t): manager is detached.: file z:/task_1560988636/build/src/dom/media/MediaDecoderStateMachine.cpp, line 3296
[Child 304, MediaPlayback #3] WARNING: Decoder=1c3046f9800 Decode error: NS_ERROR_DOM_MEDIA_FATAL_ERR (0x806e0005) - RefPtr<MediaSourceTrackDemuxer::SamplesPromise> __cdecl mozilla::MediaSourceTrackDemuxer::DoGetSamples(int32_t): manager is detached.: file z:/task_1560988636/build/src/dom/media/MediaDecoderStateMachine.cpp, line 3296
[Child 304, MediaPlayback #1] WARNING: Decoder=1c3046f9800 Decode error: NS_ERROR_DOM_MEDIA_FATAL_ERR (0x806e0005) - RefPtr<MediaSourceTrackDemuxer::SamplesPromise> __cdecl mozilla::MediaSourceTrackDemuxer::DoGetSamples(int32_t): manager is detached.: file z:/task_1560988636/build/src/dom/media/MediaDecoderStateMachine.cpp, line 3296
[Child 304, MediaPlayback #3] WARNING: Decoder=1c3046f9800 Decode error: NS_ERROR_DOM_MEDIA_FATAL_ERR (0x806e0005) - RefPtr<MediaSourceTrackDemuxer::SamplesPromise> __cdecl mozilla::MediaSourceTrackDemuxer::DoGetSamples(int32_t): manager is detached.: file z:/task_1560988636/build/src/dom/media/MediaDecoderStateMachine.cpp, line 3296
[Parent 8160, Gecko_IOThread] WARNING: pipe error: 109: file z:/task_1560988636/build/src/ipc/chromium/src/chrome/common/ipc_channel_win.cc, line 341
[Parent 8160, Gecko_IOThread] WARNING: pipe error: 109: file z:/task_1560988636/build/src/ipc/chromium/src/chrome/common/ipc_channel_win.cc, line 341
[Parent 8160, Gecko_IOThread] WARNING: pipe error: 109: file z:/task_1560988636/build/src/ipc/chromium/src/chrome/common/ipc_channel_win.cc, line 341
[Child 12076, Chrome_ChildThread] WARNING: pipe error: 109: file z:/task_1560988636/build/src/ipc/chromium/src/chrome/common/ipc_channel_win.cc, line 341
[Child 12076, Chrome_ChildThrea1562582887817	Marionette	INFO	Stopped listening on port 52980

###!!! [Child][RunMessage] Error: Channel closing: too late to send/recv, messages will be lost

[GPU 126
###!!! [Child][MessageChannel::SendAndWait] Error: Channel error: cannot send/recv

